<?xml version="1.0" encoding="UTF-8" ?>
<testsuite tests="8" failures="3" name="testRunner.TestRun" time="189.331" errors="0" skipped="0">
  <properties>
    <property name="JOB_NAME" value="SeleniumCucumberProject1"/>
    <property name="java.vendor" value="Oracle Corporation"/>
    <property name="sun.java.launcher" value="SUN_STANDARD"/>
    <property name="RUN_TESTS_DISPLAY_URL" value="http://localhost:8080/job/SeleniumCucumberProject1/1/display/redirect?page=tests"/>
    <property name="NUMBER_OF_PROCESSORS" value="8"/>
    <property name="sun.management.compiler" value="HotSpot 64-Bit Tiered Compilers"/>
    <property name="JENKINS_HOME" value="C:\ProgramData\Jenkins\.jenkins"/>
    <property name="HUDSON_SERVER_COOKIE" value="4ad518e099d19035"/>
    <property name="os.name" value="Windows 11"/>
    <property name="EXECUTOR_NUMBER" value="1"/>
    <property name="sun.desktop" value="windows"/>
    <property name="PATHEXT" value=".COM;.EXE;.BAT;.CMD;.VBS;.VBE;.JS;.JSE;.WSF;.WSH;.MSC"/>
    <property name="java.vm.specification.vendor" value="Oracle Corporation"/>
    <property name="TEMP" value="C:\WINDOWS\TEMP"/>
    <property name="NODE_LABELS" value="built-in"/>
    <property name="java.runtime.version" value="11.0.15.1+2-LTS-10"/>
    <property name="WINSW_SERVICE_ID" value="jenkins"/>
    <property name="user.name" value="DESKTOP-KGF40LU$"/>
    <property name="guice.disable.misplaced.annotation.check" value="true"/>
    <property name="CommonProgramW6432" value="C:\Program Files\Common Files"/>
    <property name="ProgramFiles" value="C:\Program Files"/>
    <property name="user.language" value="en"/>
    <property name="JOB_BASE_NAME" value="SeleniumCucumberProject1"/>
    <property name="RUN_CHANGES_DISPLAY_URL" value="http://localhost:8080/job/SeleniumCucumberProject1/1/display/redirect?page=changes"/>
    <property name="BUILD_DISPLAY_NAME" value="#1"/>
    <property name="sun.boot.library.path" value="C:\Program Files\Java\jdk-11.0.15.1\bin"/>
    <property name="java.vm.compressedOopsMode" value="32-bit"/>
    <property name="LOCALAPPDATA" value="C:\WINDOWS\system32\config\systemprofile\AppData\Local"/>
    <property name="java.version" value="11.0.15.1"/>
    <property name="user.timezone" value="Asia/Calcutta"/>
    <property name="PROCESSOR_LEVEL" value="6"/>
    <property name="USERNAME" value="DESKTOP-KGF40LU$"/>
    <property name="sun.arch.data.model" value="64"/>
    <property name="NODE_NAME" value="built-in"/>
    <property name="BUILD_ID" value="1"/>
    <property name="sun.cpu.isalist" value="amd64"/>
    <property name="sun.jnu.encoding" value="Cp1252"/>
    <property name="maven.conf" value="C:\Program Files\Maven\apache-maven-3.8.6\conf"/>
    <property name="file.separator" value="\"/>
    <property name="java.specification.name" value="Java Platform API Specification"/>
    <property name="java.class.version" value="55.0"/>
    <property name="org.slf4j.simpleLogger.defaultLogLevel" value="info"/>
    <property name="user.country" value="US"/>
    <property name="ALLUSERSPROFILE" value="C:\ProgramData"/>
    <property name="java.home" value="C:\Program Files\Java\jdk-11.0.15.1"/>
    <property name="java.vm.info" value="mixed mode"/>
    <property name="os.version" value="10.0"/>
    <property name="RUN_DISPLAY_URL" value="http://localhost:8080/job/SeleniumCucumberProject1/1/display/redirect"/>
    <property name="TMP" value="C:\WINDOWS\TEMP"/>
    <property name="path.separator" value=";"/>
    <property name="RUN_ARTIFACTS_DISPLAY_URL" value="http://localhost:8080/job/SeleniumCucumberProject1/1/display/redirect?page=artifacts"/>
    <property name="java.vm.version" value="11.0.15.1+2-LTS-10"/>
    <property name="user.variant" value=""/>
    <property name="CommonProgramFiles(x86)" value="C:\Program Files (x86)\Common Files"/>
    <property name="JOB_DISPLAY_URL" value="http://localhost:8080/job/SeleniumCucumberProject1/display/redirect"/>
    <property name="java.awt.printerjob" value="sun.awt.windows.WPrinterJob"/>
    <property name="CommonProgramFiles" value="C:\Program Files\Common Files"/>
    <property name="sun.io.unicode.encoding" value="UnicodeLittle"/>
    <property name="JAVA_HOME" value="C:\Program Files\Java\jdk-11.0.15.1"/>
    <property name="ComSpec" value="C:\WINDOWS\system32\cmd.exe"/>
    <property name="awt.toolkit" value="sun.awt.windows.WToolkit"/>
    <property name="SERVICE_ID" value="jenkins"/>
    <property name="COMPUTERNAME" value="DESKTOP-KGF40LU"/>
    <property name="user.script" value=""/>
    <property name="VBOX_MSI_INSTALL_PATH" value="C:\Program Files\Oracle\VirtualBox\"/>
    <property name="user.home" value="C:\WINDOWS\system32\config\systemprofile"/>
    <property name="PUBLIC" value="C:\Users\Public"/>
    <property name="BUILD_TAG" value="jenkins-SeleniumCucumberProject1-1"/>
    <property name="JENKINS_SERVER_COOKIE" value="4ad518e099d19035"/>
    <property name="HUDSON_URL" value="http://localhost:8080/"/>
    <property name="ProgramData" value="C:\ProgramData"/>
    <property name="java.version.date" value="2022-04-22"/>
    <property name="java.specification.vendor" value="Oracle Corporation"/>
    <property name="USERPROFILE" value="C:\WINDOWS\system32\config\systemprofile"/>
    <property name="CLASSPATH" value=""/>
    <property name="java.library.path" value="C:\Program Files\Java\jdk-11.0.15.1\bin;C:\WINDOWS\Sun\Java\bin;C:\WINDOWS\system32;C:\WINDOWS;C:\Program Files\Maven\apache-maven-3.8.6/bin;C:\Program Files\Java\jdk-11.0.15.1/bin;C:\Program Files\Java\jdk-11.0.15.1/bin;C:\Program Files\Common Files\Oracle\Java\javapath;D:\app\lella\product\11.2.0\dbhome_1\bin;C:\WINDOWS\system32;C:\WINDOWS;C:\WINDOWS\System32\Wbem;C:\WINDOWS\System32\WindowsPowerShell\v1.0\;C:\WINDOWS\System32\OpenSSH\;C:\Program Files\nodejs\;C:\Program Files\PuTTY\;C:\Program Files\Java\jdk-11.0.15.1\bin;C:\Program Files\Java\jdk-11.0.15.1\bin;C:\Program Files\Maven\apache-maven-3.8.6\bin;C:\Program Files\Maven\apache-maven-3.8.6\bin;C:\Program Files\Maven\apache-maven-3.8.6\bin;C:\Program Files\Git\bin;C:\Users\lella\AppData\Local\Android\Sdk\tools;C:\Users\lella\AppData\Local\Android\Sdk\build-tools;C:\Users\lella\AppData\Local\Android\Sdk\platform-tools;C:\Program Files\Android\Android Studio\bin;C:\WINDOWS\system32\config\systemprofile\AppData\Local\Microsoft\WindowsApps;."/>
    <property name="java.vendor.url" value="https://openjdk.java.net/"/>
    <property name="java.vm.vendor" value="Oracle Corporation"/>
    <property name="APPDATA" value="C:\WINDOWS\system32\config\systemprofile\AppData\Roaming"/>
    <property name="ZES_ENABLE_SYSMAN" value="1"/>
    <property name="java.runtime.name" value="Java(TM) SE Runtime Environment"/>
    <property name="maven.home" value="C:\Program Files\Maven\apache-maven-3.8.6"/>
    <property name="java.class.path" value="C:\ProgramData\Jenkins\.jenkins\plugins\maven-plugin\WEB-INF\lib\maven35-agent-1.13.jar;C:\Program Files\Maven\apache-maven-3.8.6\boot\plexus-classworlds-2.6.0.jar;C:\Program Files\Maven\apache-maven-3.8.6/conf/logging"/>
    <property name="sun.java.command" value="jenkins.maven3.agent.Maven35Main C:\Program Files\Maven\apache-maven-3.8.6 C:\ProgramData\Jenkins\war\WEB-INF\lib\remoting-3044.vb_940a_a_e4f72e.jar C:\ProgramData\Jenkins\.jenkins\plugins\maven-plugin\WEB-INF\lib\maven35-interceptor-1.13.jar C:\ProgramData\Jenkins\.jenkins\plugins\maven-plugin\WEB-INF\lib\maven3-interceptor-commons-1.13.jar 63473"/>
    <property name="Path" value="C:\Program Files\Java\jdk-11.0.15.1/bin;C:\Program Files\Common Files\Oracle\Java\javapath;D:\app\lella\product\11.2.0\dbhome_1\bin;C:\WINDOWS\system32;C:\WINDOWS;C:\WINDOWS\System32\Wbem;C:\WINDOWS\System32\WindowsPowerShell\v1.0\;C:\WINDOWS\System32\OpenSSH\;C:\Program Files\nodejs\;C:\Program Files\PuTTY\;C:\Program Files\Java\jdk-11.0.15.1\bin;C:\Program Files\Java\jdk-11.0.15.1\bin;C:\Program Files\Maven\apache-maven-3.8.6\bin;C:\Program Files\Maven\apache-maven-3.8.6\bin;C:\Program Files\Maven\apache-maven-3.8.6\bin;C:\Program Files\Git\bin;C:\Users\lella\AppData\Local\Android\Sdk\tools;C:\Users\lella\AppData\Local\Android\Sdk\build-tools;C:\Users\lella\AppData\Local\Android\Sdk\platform-tools;C:\Program Files\Android\Android Studio\bin;C:\WINDOWS\system32\config\systemprofile\AppData\Local\Microsoft\WindowsApps"/>
    <property name="jdk.debug" value="release"/>
    <property name="PROCESSOR_ARCHITECTURE" value="AMD64"/>
    <property name="java.vm.specification.name" value="Java Virtual Machine Specification"/>
    <property name="jansi.mode" value="strip"/>
    <property name="PATH+JDK" value="C:\Program Files\Java\jdk-11.0.15.1/bin"/>
    <property name="PROCESSOR_IDENTIFIER" value="Intel64 Family 6 Model 142 Stepping 12, GenuineIntel"/>
    <property name="java.vm.specification.version" value="11"/>
    <property name="M2_HOME" value="C:\Program Files\Maven\apache-maven-3.8.6"/>
    <property name="sun.cpu.endian" value="little"/>
    <property name="sun.os.patch.level" value=""/>
    <property name="OS" value="Windows_NT"/>
    <property name="CI" value="true"/>
    <property name="java.io.tmpdir" value="C:\WINDOWS\TEMP\"/>
    <property name="HUDSON_HOME" value="C:\ProgramData\Jenkins\.jenkins"/>
    <property name="PATH+MAVEN" value="C:\Program Files\Maven\apache-maven-3.8.6/bin"/>
    <property name="ProgramFiles(x86)" value="C:\Program Files (x86)"/>
    <property name="java.vendor.url.bug" value="https://bugreport.java.com/bugreport/"/>
    <property name="BUILD_URL" value="http://localhost:8080/job/SeleniumCucumberProject1/1/"/>
    <property name="SystemRoot" value="C:\WINDOWS"/>
    <property name="os.arch" value="amd64"/>
    <property name="java.awt.graphicsenv" value="sun.awt.Win32GraphicsEnvironment"/>
    <property name="user.dir" value="D:\core java\SeleniumCucumberProject1"/>
    <property name="JOB_URL" value="http://localhost:8080/job/SeleniumCucumberProject1/"/>
    <property name="USERDOMAIN" value="WORKGROUP"/>
    <property name="MAVEN_HOME" value="C:\Program Files\Maven\apache-maven-3.8.6"/>
    <property name="line.separator" value="
"/>
    <property name="java.vm.name" value="Java HotSpot(TM) 64-Bit Server VM"/>
    <property name="BASE" value="C:\Program Files\Jenkins"/>
    <property name="BUILD_NUMBER" value="1"/>
    <property name="PROCESSOR_REVISION" value="8e0c"/>
    <property name="ANDROID_HOME" value="C:\Users\lella\AppData\Local\Android\Sdk"/>
    <property name="JENKINS_URL" value="http://localhost:8080/"/>
    <property name="ProgramW6432" value="C:\Program Files"/>
    <property name="windir" value="C:\WINDOWS"/>
    <property name="file.encoding" value="Cp1252"/>
    <property name="SystemDrive" value="C:"/>
    <property name="maven3.interceptor" value="C:\ProgramData\Jenkins\.jenkins\plugins\maven-plugin\WEB-INF\lib\maven35-interceptor-1.13.jar"/>
    <property name="WORKSPACE_TMP" value="C:\ProgramData\Jenkins\.jenkins\workspace\SeleniumCucumberProject1@tmp"/>
    <property name="WORKSPACE" value="C:\ProgramData\Jenkins\.jenkins\workspace\SeleniumCucumberProject1"/>
    <property name="maven3.interceptor.common" value="C:\ProgramData\Jenkins\.jenkins\plugins\maven-plugin\WEB-INF\lib\maven3-interceptor-commons-1.13.jar"/>
    <property name="WINSW_EXECUTABLE" value="C:\Program Files\Jenkins\jenkins.exe"/>
    <property name="PSModulePath" value="C:\Program Files\WindowsPowerShell\Modules;C:\WINDOWS\system32\WindowsPowerShell\v1.0\Modules"/>
    <property name="java.specification.version" value="11"/>
    <property name="DriverData" value="C:\Windows\System32\Drivers\DriverData"/>
    <property name="java.vendor.version" value="18.9"/>
  </properties>
  <testcase classname="Customers" name="Add a new Customer" time="37.702"/>
  <testcase classname="Customers" name="Search Customer by EmailID" time="23.212"/>
  <testcase classname="Customers" name="Search Customer by Name" time="23.748"/>
  <testcase classname="Login" name="Successful Login with Valid Credentials" time="16.958"/>
  <testcase classname="Login" name="Login Data Driven #1" time="16.948"/>
  <testcase classname="Login" name="Login Data Driven #2" time="24.249">
    <failure type="java.lang.AssertionError">java.lang.AssertionError
	at org.junit.Assert.fail(Assert.java:87)
	at org.junit.Assert.assertTrue(Assert.java:42)
	at org.junit.Assert.assertTrue(Assert.java:53)
	at stepdefinitions.Steps.page_title_should_be(Steps.java:97)
	at ✽.Page Title should be &quot;Dashboard / nopCommerce administration&quot;(file:///D:/core%20java/SeleniumCucumberProject1/./Features/Login.feature:20)
</failure>
    <system-out>
@regression
Scenario Outline: Login Data Driven                                         # Features/Login.feature:28
 INFO [main] (Steps.java:60)- *******Launching browser*******
  Given User Launch Chrome Browser                                          # stepdefinitions.Steps.user_launch_chrome_browser()
 INFO [main] (Steps.java:73)- *******Opening URL*******
  When User opens URL &quot;https://admin-demo.nopcommerce.com/login&quot;            # stepdefinitions.Steps.user_opens_url(java.lang.String)
 INFO [main] (Steps.java:80)- *******Providing Login details*******
  And User enters Email as &quot;admin@yourstore.com&quot; and Password as &quot;admin123&quot; # stepdefinitions.Steps.user_enters_email_as_and_password_as(java.lang.String,java.lang.String)
 INFO [main] (Steps.java:87)- *******Started login*******
  And Click on login                                                        # stepdefinitions.Steps.click_on_login()
 INFO [main] (Steps.java:96)- *******Login Failed*******
  Then Page Title should be &quot;Dashboard / nopCommerce administration&quot;        # stepdefinitions.Steps.page_title_should_be(java.lang.String)
      java.lang.AssertionError
	at org.junit.Assert.fail(Assert.java:87)
	at org.junit.Assert.assertTrue(Assert.java:42)
	at org.junit.Assert.assertTrue(Assert.java:53)
	at stepdefinitions.Steps.page_title_should_be(Steps.java:97)
	at âœ½.Page Title should be &quot;Dashboard / nopCommerce administration&quot;(file:///D:/core%20java/SeleniumCucumberProject1/./Features/Login.feature:20)

  When User click on logout link                                            # stepdefinitions.Steps.user_click_on_logout_link()
  Then Page Title should be &quot;Your store. Login&quot;                             # stepdefinitions.Steps.page_title_should_be(java.lang.String)
  And close browser                                                         # stepdefinitions.Steps.close_browser()
</system-out>
    <system-err>Starting ChromeDriver 108.0.5359.71 (1e0e3868ee06e91ad636a874420e3ca3ae3756ac-refs/branch-heads/5359@{#1016}) on port 49317
Only local connections are allowed.
Please see https://chromedriver.chromium.org/security-considerations for suggestions on keeping ChromeDriver safe.
ChromeDriver was started successfully.
Dec 27, 2022 8:04:18 AM org.openqa.selenium.remote.ProtocolHandshake createSession
INFO: Detected upstream dialect: W3C
Dec 27, 2022 8:04:18 AM org.openqa.selenium.devtools.CdpVersionFinder findNearestMatch
WARNING: Unable to find an exact match for CDP version 108, so returning the closest version found: 104
Dec 27, 2022 8:04:18 AM org.openqa.selenium.devtools.CdpVersionFinder findNearestMatch
INFO: Found CDP implementation for version 108 of 104
[1672108468.722][WARNING]: Timed out connecting to Chrome, retrying...
[1672108476.854][WARNING]: Timed out connecting to Chrome, retrying...
</system-err>
  </testcase>
  <testcase classname="Login" name="Login Data Driven #3" time="23.749">
    <failure type="java.lang.AssertionError">java.lang.AssertionError
	at org.junit.Assert.fail(Assert.java:87)
	at org.junit.Assert.assertTrue(Assert.java:42)
	at org.junit.Assert.assertTrue(Assert.java:53)
	at stepdefinitions.Steps.page_title_should_be(Steps.java:97)
	at ✽.Page Title should be &quot;Dashboard / nopCommerce administration&quot;(file:///D:/core%20java/SeleniumCucumberProject1/./Features/Login.feature:20)
</failure>
    <system-out>
@regression
Scenario Outline: Login Data Driven                                         # Features/Login.feature:29
 INFO [main] (Steps.java:60)- *******Launching browser*******
  Given User Launch Chrome Browser                                          # stepdefinitions.Steps.user_launch_chrome_browser()
 INFO [main] (Steps.java:73)- *******Opening URL*******
  When User opens URL &quot;https://admin-demo.nopcommerce.com/login&quot;            # stepdefinitions.Steps.user_opens_url(java.lang.String)
 INFO [main] (Steps.java:80)- *******Providing Login details*******
  And User enters Email as &quot;admin123@yourstore.com&quot; and Password as &quot;admin&quot; # stepdefinitions.Steps.user_enters_email_as_and_password_as(java.lang.String,java.lang.String)
 INFO [main] (Steps.java:87)- *******Started login*******
  And Click on login                                                        # stepdefinitions.Steps.click_on_login()
 INFO [main] (Steps.java:96)- *******Login Failed*******
  Then Page Title should be &quot;Dashboard / nopCommerce administration&quot;        # stepdefinitions.Steps.page_title_should_be(java.lang.String)
      java.lang.AssertionError
	at org.junit.Assert.fail(Assert.java:87)
	at org.junit.Assert.assertTrue(Assert.java:42)
	at org.junit.Assert.assertTrue(Assert.java:53)
	at stepdefinitions.Steps.page_title_should_be(Steps.java:97)
	at âœ½.Page Title should be &quot;Dashboard / nopCommerce administration&quot;(file:///D:/core%20java/SeleniumCucumberProject1/./Features/Login.feature:20)

  When User click on logout link                                            # stepdefinitions.Steps.user_click_on_logout_link()
  Then Page Title should be &quot;Your store. Login&quot;                             # stepdefinitions.Steps.page_title_should_be(java.lang.String)
  And close browser                                                         # stepdefinitions.Steps.close_browser()
</system-out>
    <system-err>Starting ChromeDriver 108.0.5359.71 (1e0e3868ee06e91ad636a874420e3ca3ae3756ac-refs/branch-heads/5359@{#1016}) on port 53851
Only local connections are allowed.
Please see https://chromedriver.chromium.org/security-considerations for suggestions on keeping ChromeDriver safe.
ChromeDriver was started successfully.
Dec 27, 2022 8:04:42 AM org.openqa.selenium.remote.ProtocolHandshake createSession
INFO: Detected upstream dialect: W3C
Dec 27, 2022 8:04:42 AM org.openqa.selenium.devtools.CdpVersionFinder findNearestMatch
WARNING: Unable to find an exact match for CDP version 108, so returning the closest version found: 104
Dec 27, 2022 8:04:42 AM org.openqa.selenium.devtools.CdpVersionFinder findNearestMatch
INFO: Found CDP implementation for version 108 of 104
[1672108492.535][WARNING]: Timed out connecting to Chrome, retrying...
[1672108500.668][WARNING]: Timed out connecting to Chrome, retrying...
</system-err>
  </testcase>
  <testcase classname="Login" name="Login Data Driven #4" time="22.765">
    <failure type="java.lang.AssertionError">java.lang.AssertionError
	at org.junit.Assert.fail(Assert.java:87)
	at org.junit.Assert.assertTrue(Assert.java:42)
	at org.junit.Assert.assertTrue(Assert.java:53)
	at stepdefinitions.Steps.page_title_should_be(Steps.java:97)
	at ✽.Page Title should be &quot;Dashboard / nopCommerce administration&quot;(file:///D:/core%20java/SeleniumCucumberProject1/./Features/Login.feature:20)
</failure>
    <system-out>
@regression
Scenario Outline: Login Data Driven                                            # Features/Login.feature:30
 INFO [main] (Steps.java:60)- *******Launching browser*******
  Given User Launch Chrome Browser                                             # stepdefinitions.Steps.user_launch_chrome_browser()
 INFO [main] (Steps.java:73)- *******Opening URL*******
  When User opens URL &quot;https://admin-demo.nopcommerce.com/login&quot;               # stepdefinitions.Steps.user_opens_url(java.lang.String)
 INFO [main] (Steps.java:80)- *******Providing Login details*******
  And User enters Email as &quot;admin123@yourstore.com&quot; and Password as &quot;admin123&quot; # stepdefinitions.Steps.user_enters_email_as_and_password_as(java.lang.String,java.lang.String)
 INFO [main] (Steps.java:87)- *******Started login*******
  And Click on login                                                           # stepdefinitions.Steps.click_on_login()
 INFO [main] (Steps.java:96)- *******Login Failed*******
  Then Page Title should be &quot;Dashboard / nopCommerce administration&quot;           # stepdefinitions.Steps.page_title_should_be(java.lang.String)
      java.lang.AssertionError
	at org.junit.Assert.fail(Assert.java:87)
	at org.junit.Assert.assertTrue(Assert.java:42)
	at org.junit.Assert.assertTrue(Assert.java:53)
	at stepdefinitions.Steps.page_title_should_be(Steps.java:97)
	at âœ½.Page Title should be &quot;Dashboard / nopCommerce administration&quot;(file:///D:/core%20java/SeleniumCucumberProject1/./Features/Login.feature:20)

  When User click on logout link                                               # stepdefinitions.Steps.user_click_on_logout_link()
  Then Page Title should be &quot;Your store. Login&quot;                                # stepdefinitions.Steps.page_title_should_be(java.lang.String)
  And close browser                                                            # stepdefinitions.Steps.close_browser()
</system-out>
    <system-err>Starting ChromeDriver 108.0.5359.71 (1e0e3868ee06e91ad636a874420e3ca3ae3756ac-refs/branch-heads/5359@{#1016}) on port 51257
Only local connections are allowed.
Please see https://chromedriver.chromium.org/security-considerations for suggestions on keeping ChromeDriver safe.
ChromeDriver was started successfully.
Dec 27, 2022 8:05:06 AM org.openqa.selenium.remote.ProtocolHandshake createSession
INFO: Detected upstream dialect: W3C
Dec 27, 2022 8:05:06 AM org.openqa.selenium.devtools.CdpVersionFinder findNearestMatch
WARNING: Unable to find an exact match for CDP version 108, so returning the closest version found: 104
Dec 27, 2022 8:05:06 AM org.openqa.selenium.devtools.CdpVersionFinder findNearestMatch
INFO: Found CDP implementation for version 108 of 104
[1672108515.283][WARNING]: Timed out connecting to Chrome, retrying...
[1672108523.417][WARNING]: Timed out connecting to Chrome, retrying...
</system-err>
  </testcase>
</testsuite>